{"D:\\notshekhar\\8085 microcontroller\\assembler\\instructions.js": {"path":"D:\\notshekhar\\8085 microcontroller\\assembler\\instructions.js","statementMap":{"0":{"start":{"line":3,"column":12},"end":{"line":3,"column":40}},"1":{"start":{"line":4,"column":13},"end":{"line":4,"column":47}},"2":{"start":{"line":6,"column":28},"end":{"line":6,"column":48}},"3":{"start":{"line":10,"column":4},"end":{"line":12,"column":5}},"4":{"start":{"line":11,"column":8},"end":{"line":11,"column":38}},"5":{"start":{"line":14,"column":4},"end":{"line":16,"column":5}},"6":{"start":{"line":15,"column":8},"end":{"line":15,"column":28}},"7":{"start":{"line":18,"column":4},"end":{"line":20,"column":5}},"8":{"start":{"line":19,"column":8},"end":{"line":19,"column":38}},"9":{"start":{"line":22,"column":4},"end":{"line":24,"column":5}},"10":{"start":{"line":23,"column":8},"end":{"line":23,"column":42}},"11":{"start":{"line":26,"column":4},"end":{"line":32,"column":5}},"12":{"start":{"line":27,"column":18},"end":{"line":27,"column":73}},"13":{"start":{"line":28,"column":8},"end":{"line":28,"column":30}},"14":{"start":{"line":29,"column":8},"end":{"line":29,"column":49}},"15":{"start":{"line":30,"column":8},"end":{"line":30,"column":31}},"16":{"start":{"line":31,"column":8},"end":{"line":31,"column":24}},"17":{"start":{"line":34,"column":4},"end":{"line":46,"column":5}},"18":{"start":{"line":35,"column":18},"end":{"line":35,"column":73}},"19":{"start":{"line":36,"column":8},"end":{"line":38,"column":9}},"20":{"start":{"line":37,"column":12},"end":{"line":37,"column":28}},"21":{"start":{"line":39,"column":8},"end":{"line":39,"column":30}},"22":{"start":{"line":40,"column":8},"end":{"line":40,"column":49}},"23":{"start":{"line":41,"column":8},"end":{"line":41,"column":31}},"24":{"start":{"line":42,"column":8},"end":{"line":44,"column":9}},"25":{"start":{"line":43,"column":12},"end":{"line":43,"column":28}},"26":{"start":{"line":45,"column":8},"end":{"line":45,"column":24}},"27":{"start":{"line":47,"column":4},"end":{"line":53,"column":5}},"28":{"start":{"line":48,"column":18},"end":{"line":48,"column":51}},"29":{"start":{"line":49,"column":8},"end":{"line":49,"column":30}},"30":{"start":{"line":50,"column":8},"end":{"line":50,"column":49}},"31":{"start":{"line":51,"column":8},"end":{"line":51,"column":31}},"32":{"start":{"line":52,"column":8},"end":{"line":52,"column":24}},"33":{"start":{"line":54,"column":4},"end":{"line":66,"column":5}},"34":{"start":{"line":55,"column":18},"end":{"line":55,"column":51}},"35":{"start":{"line":56,"column":8},"end":{"line":58,"column":9}},"36":{"start":{"line":57,"column":12},"end":{"line":57,"column":28}},"37":{"start":{"line":59,"column":8},"end":{"line":59,"column":30}},"38":{"start":{"line":60,"column":8},"end":{"line":60,"column":49}},"39":{"start":{"line":61,"column":8},"end":{"line":61,"column":31}},"40":{"start":{"line":62,"column":8},"end":{"line":64,"column":9}},"41":{"start":{"line":63,"column":12},"end":{"line":63,"column":28}},"42":{"start":{"line":65,"column":8},"end":{"line":65,"column":24}},"43":{"start":{"line":67,"column":4},"end":{"line":73,"column":5}},"44":{"start":{"line":68,"column":20},"end":{"line":68,"column":41}},"45":{"start":{"line":69,"column":18},"end":{"line":69,"column":69}},"46":{"start":{"line":70,"column":8},"end":{"line":71,"column":35}},"47":{"start":{"line":70,"column":25},"end":{"line":70,"column":56}},"48":{"start":{"line":71,"column":13},"end":{"line":71,"column":35}},"49":{"start":{"line":72,"column":8},"end":{"line":72,"column":28}},"50":{"start":{"line":75,"column":4},"end":{"line":79,"column":5}},"51":{"start":{"line":76,"column":18},"end":{"line":76,"column":73}},"52":{"start":{"line":77,"column":8},"end":{"line":77,"column":27}},"53":{"start":{"line":78,"column":8},"end":{"line":78,"column":24}},"54":{"start":{"line":80,"column":4},"end":{"line":88,"column":5}},"55":{"start":{"line":81,"column":18},"end":{"line":81,"column":73}},"56":{"start":{"line":82,"column":8},"end":{"line":85,"column":9}},"57":{"start":{"line":84,"column":12},"end":{"line":84,"column":27}},"58":{"start":{"line":86,"column":8},"end":{"line":86,"column":27}},"59":{"start":{"line":87,"column":8},"end":{"line":87,"column":24}},"60":{"start":{"line":89,"column":4},"end":{"line":99,"column":5}},"61":{"start":{"line":90,"column":18},"end":{"line":90,"column":69}},"62":{"start":{"line":91,"column":8},"end":{"line":91,"column":41}},"63":{"start":{"line":92,"column":18},"end":{"line":92,"column":49}},"64":{"start":{"line":93,"column":8},"end":{"line":96,"column":9}},"65":{"start":{"line":95,"column":12},"end":{"line":95,"column":27}},"66":{"start":{"line":97,"column":8},"end":{"line":97,"column":27}},"67":{"start":{"line":98,"column":8},"end":{"line":98,"column":24}},"68":{"start":{"line":100,"column":4},"end":{"line":104,"column":5}},"69":{"start":{"line":101,"column":19},"end":{"line":101,"column":34}},"70":{"start":{"line":102,"column":8},"end":{"line":102,"column":40}},"71":{"start":{"line":103,"column":8},"end":{"line":103,"column":29}},"72":{"start":{"line":107,"column":0},"end":{"line":107,"column":35}}},"fnMap":{"0":{"name":"Instructions","decl":{"start":{"line":8,"column":9},"end":{"line":8,"column":21}},"loc":{"start":{"line":8,"column":24},"end":{"line":105,"column":1}},"line":8},"1":{"name":"(anonymous_1)","decl":{"start":{"line":10,"column":15},"end":{"line":10,"column":16}},"loc":{"start":{"line":10,"column":35},"end":{"line":12,"column":5}},"line":10},"2":{"name":"(anonymous_2)","decl":{"start":{"line":14,"column":15},"end":{"line":14,"column":16}},"loc":{"start":{"line":14,"column":37},"end":{"line":16,"column":5}},"line":14},"3":{"name":"(anonymous_3)","decl":{"start":{"line":18,"column":15},"end":{"line":18,"column":16}},"loc":{"start":{"line":18,"column":37},"end":{"line":20,"column":5}},"line":18},"4":{"name":"(anonymous_4)","decl":{"start":{"line":22,"column":15},"end":{"line":22,"column":16}},"loc":{"start":{"line":22,"column":47},"end":{"line":24,"column":5}},"line":22},"5":{"name":"(anonymous_5)","decl":{"start":{"line":26,"column":15},"end":{"line":26,"column":16}},"loc":{"start":{"line":26,"column":30},"end":{"line":32,"column":5}},"line":26},"6":{"name":"(anonymous_6)","decl":{"start":{"line":34,"column":15},"end":{"line":34,"column":16}},"loc":{"start":{"line":34,"column":30},"end":{"line":46,"column":5}},"line":34},"7":{"name":"(anonymous_7)","decl":{"start":{"line":47,"column":15},"end":{"line":47,"column":16}},"loc":{"start":{"line":47,"column":32},"end":{"line":53,"column":5}},"line":47},"8":{"name":"(anonymous_8)","decl":{"start":{"line":54,"column":15},"end":{"line":54,"column":16}},"loc":{"start":{"line":54,"column":32},"end":{"line":66,"column":5}},"line":54},"9":{"name":"(anonymous_9)","decl":{"start":{"line":67,"column":15},"end":{"line":67,"column":16}},"loc":{"start":{"line":67,"column":34},"end":{"line":73,"column":5}},"line":67},"10":{"name":"(anonymous_10)","decl":{"start":{"line":75,"column":15},"end":{"line":75,"column":16}},"loc":{"start":{"line":75,"column":30},"end":{"line":79,"column":5}},"line":75},"11":{"name":"(anonymous_11)","decl":{"start":{"line":80,"column":15},"end":{"line":80,"column":16}},"loc":{"start":{"line":80,"column":30},"end":{"line":88,"column":5}},"line":80},"12":{"name":"(anonymous_12)","decl":{"start":{"line":89,"column":15},"end":{"line":89,"column":16}},"loc":{"start":{"line":89,"column":31},"end":{"line":99,"column":5}},"line":89},"13":{"name":"(anonymous_13)","decl":{"start":{"line":100,"column":16},"end":{"line":100,"column":17}},"loc":{"start":{"line":100,"column":28},"end":{"line":104,"column":5}},"line":100}},"branchMap":{"0":{"loc":{"start":{"line":29,"column":14},"end":{"line":29,"column":49}},"type":"cond-expr","locations":[{"start":{"line":29,"column":31},"end":{"line":29,"column":43}},{"start":{"line":29,"column":46},"end":{"line":29,"column":49}}],"line":29},"1":{"loc":{"start":{"line":36,"column":8},"end":{"line":38,"column":9}},"type":"if","locations":[{"start":{"line":36,"column":8},"end":{"line":38,"column":9}},{"start":{"line":36,"column":8},"end":{"line":38,"column":9}}],"line":36},"2":{"loc":{"start":{"line":40,"column":14},"end":{"line":40,"column":49}},"type":"cond-expr","locations":[{"start":{"line":40,"column":31},"end":{"line":40,"column":43}},{"start":{"line":40,"column":46},"end":{"line":40,"column":49}}],"line":40},"3":{"loc":{"start":{"line":42,"column":8},"end":{"line":44,"column":9}},"type":"if","locations":[{"start":{"line":42,"column":8},"end":{"line":44,"column":9}},{"start":{"line":42,"column":8},"end":{"line":44,"column":9}}],"line":42},"4":{"loc":{"start":{"line":50,"column":14},"end":{"line":50,"column":49}},"type":"cond-expr","locations":[{"start":{"line":50,"column":31},"end":{"line":50,"column":43}},{"start":{"line":50,"column":46},"end":{"line":50,"column":49}}],"line":50},"5":{"loc":{"start":{"line":56,"column":8},"end":{"line":58,"column":9}},"type":"if","locations":[{"start":{"line":56,"column":8},"end":{"line":58,"column":9}},{"start":{"line":56,"column":8},"end":{"line":58,"column":9}}],"line":56},"6":{"loc":{"start":{"line":60,"column":14},"end":{"line":60,"column":49}},"type":"cond-expr","locations":[{"start":{"line":60,"column":31},"end":{"line":60,"column":43}},{"start":{"line":60,"column":46},"end":{"line":60,"column":49}}],"line":60},"7":{"loc":{"start":{"line":62,"column":8},"end":{"line":64,"column":9}},"type":"if","locations":[{"start":{"line":62,"column":8},"end":{"line":64,"column":9}},{"start":{"line":62,"column":8},"end":{"line":64,"column":9}}],"line":62},"8":{"loc":{"start":{"line":70,"column":8},"end":{"line":71,"column":35}},"type":"if","locations":[{"start":{"line":70,"column":8},"end":{"line":71,"column":35}},{"start":{"line":70,"column":8},"end":{"line":71,"column":35}}],"line":70},"9":{"loc":{"start":{"line":82,"column":8},"end":{"line":85,"column":9}},"type":"if","locations":[{"start":{"line":82,"column":8},"end":{"line":85,"column":9}},{"start":{"line":82,"column":8},"end":{"line":85,"column":9}}],"line":82},"10":{"loc":{"start":{"line":90,"column":18},"end":{"line":90,"column":69}},"type":"cond-expr","locations":[{"start":{"line":90,"column":44},"end":{"line":90,"column":48}},{"start":{"line":90,"column":51},"end":{"line":90,"column":69}}],"line":90},"11":{"loc":{"start":{"line":91,"column":14},"end":{"line":91,"column":41}},"type":"cond-expr","locations":[{"start":{"line":91,"column":26},"end":{"line":91,"column":35}},{"start":{"line":91,"column":38},"end":{"line":91,"column":41}}],"line":91},"12":{"loc":{"start":{"line":93,"column":8},"end":{"line":96,"column":9}},"type":"if","locations":[{"start":{"line":93,"column":8},"end":{"line":96,"column":9}},{"start":{"line":93,"column":8},"end":{"line":96,"column":9}}],"line":93}},"s":{"0":1,"1":1,"2":1,"3":1,"4":0,"5":1,"6":2,"7":1,"8":0,"9":1,"10":0,"11":1,"12":0,"13":0,"14":0,"15":0,"16":0,"17":1,"18":0,"19":0,"20":0,"21":0,"22":0,"23":0,"24":0,"25":0,"26":0,"27":1,"28":0,"29":0,"30":0,"31":0,"32":0,"33":1,"34":0,"35":0,"36":0,"37":0,"38":0,"39":0,"40":0,"41":0,"42":0,"43":1,"44":0,"45":0,"46":0,"47":0,"48":0,"49":0,"50":1,"51":0,"52":0,"53":0,"54":1,"55":0,"56":0,"57":0,"58":0,"59":0,"60":1,"61":2,"62":2,"63":2,"64":2,"65":1,"66":2,"67":2,"68":1,"69":0,"70":0,"71":0,"72":1},"f":{"0":1,"1":0,"2":2,"3":0,"4":0,"5":0,"6":0,"7":0,"8":0,"9":0,"10":0,"11":0,"12":2,"13":0},"b":{"0":[0,0],"1":[0,0],"2":[0,0],"3":[0,0],"4":[0,0],"5":[0,0],"6":[0,0],"7":[0,0],"8":[0,0],"9":[0,0],"10":[0,2],"11":[0,2],"12":[1,1]},"_coverageSchema":"1a1c01bbd47fc00a2c39e90264f33305004495a9","hash":"df4ab7eb63d6bff1d2b953c6c3d035bf82c5afff"}
,"D:\\notshekhar\\8085 microcontroller\\components\\ram.js": {"path":"D:\\notshekhar\\8085 microcontroller\\components\\ram.js","statementMap":{"0":{"start":{"line":3,"column":0},"end":{"line":3,"column":17}},"1":{"start":{"line":6,"column":4},"end":{"line":10,"column":13}},"2":{"start":{"line":14,"column":19},"end":{"line":14,"column":39}},"3":{"start":{"line":15,"column":4},"end":{"line":27,"column":5}},"4":{"start":{"line":16,"column":8},"end":{"line":19,"column":9}},"5":{"start":{"line":17,"column":12},"end":{"line":17,"column":67}},"6":{"start":{"line":18,"column":12},"end":{"line":18,"column":18}},"7":{"start":{"line":20,"column":8},"end":{"line":23,"column":9}},"8":{"start":{"line":21,"column":12},"end":{"line":21,"column":49}},"9":{"start":{"line":22,"column":12},"end":{"line":22,"column":18}},"10":{"start":{"line":25,"column":8},"end":{"line":26,"column":66}},"11":{"start":{"line":28,"column":4},"end":{"line":30,"column":5}},"12":{"start":{"line":29,"column":8},"end":{"line":29,"column":65}},"13":{"start":{"line":33,"column":0},"end":{"line":33,"column":26}}},"fnMap":{"0":{"name":"Memory","decl":{"start":{"line":5,"column":9},"end":{"line":5,"column":15}},"loc":{"start":{"line":5,"column":26},"end":{"line":11,"column":1}},"line":5},"1":{"name":"Ram","decl":{"start":{"line":13,"column":9},"end":{"line":13,"column":12}},"loc":{"start":{"line":13,"column":23},"end":{"line":31,"column":1}},"line":13},"2":{"name":"(anonymous_2)","decl":{"start":{"line":15,"column":15},"end":{"line":15,"column":16}},"loc":{"start":{"line":15,"column":46},"end":{"line":27,"column":5}},"line":15},"3":{"name":"(anonymous_3)","decl":{"start":{"line":28,"column":15},"end":{"line":28,"column":16}},"loc":{"start":{"line":28,"column":35},"end":{"line":30,"column":5}},"line":28}},"branchMap":{"0":{"loc":{"start":{"line":7,"column":8},"end":{"line":9,"column":49}},"type":"cond-expr","locations":[{"start":{"line":8,"column":14},"end":{"line":8,"column":22}},{"start":{"line":9,"column":14},"end":{"line":9,"column":49}}],"line":7},"1":{"loc":{"start":{"line":9,"column":14},"end":{"line":9,"column":49}},"type":"binary-expr","locations":[{"start":{"line":9,"column":14},"end":{"line":9,"column":40}},{"start":{"line":9,"column":44},"end":{"line":9,"column":49}}],"line":9},"2":{"loc":{"start":{"line":15,"column":35},"end":{"line":15,"column":44}},"type":"default-arg","locations":[{"start":{"line":15,"column":43},"end":{"line":15,"column":44}}],"line":15},"3":{"loc":{"start":{"line":16,"column":8},"end":{"line":19,"column":9}},"type":"if","locations":[{"start":{"line":16,"column":8},"end":{"line":19,"column":9}},{"start":{"line":16,"column":8},"end":{"line":19,"column":9}}],"line":16},"4":{"loc":{"start":{"line":16,"column":12},"end":{"line":16,"column":65}},"type":"binary-expr","locations":[{"start":{"line":16,"column":12},"end":{"line":16,"column":36}},{"start":{"line":16,"column":40},"end":{"line":16,"column":65}}],"line":16},"5":{"loc":{"start":{"line":20,"column":8},"end":{"line":23,"column":9}},"type":"if","locations":[{"start":{"line":20,"column":8},"end":{"line":23,"column":9}},{"start":{"line":20,"column":8},"end":{"line":23,"column":9}}],"line":20},"6":{"loc":{"start":{"line":20,"column":12},"end":{"line":20,"column":51}},"type":"binary-expr","locations":[{"start":{"line":20,"column":12},"end":{"line":20,"column":36}},{"start":{"line":20,"column":40},"end":{"line":20,"column":51}}],"line":20},"7":{"loc":{"start":{"line":26,"column":12},"end":{"line":26,"column":66}},"type":"cond-expr","locations":[{"start":{"line":26,"column":39},"end":{"line":26,"column":44}},{"start":{"line":26,"column":47},"end":{"line":26,"column":66}}],"line":26}},"s":{"0":1,"1":1,"2":1,"3":1,"4":0,"5":0,"6":0,"7":0,"8":0,"9":0,"10":0,"11":1,"12":0,"13":1},"f":{"0":1,"1":1,"2":0,"3":0},"b":{"0":[0,1],"1":[1,1],"2":[0],"3":[0,0],"4":[0,0],"5":[0,0],"6":[0,0],"7":[0,0]},"_coverageSchema":"1a1c01bbd47fc00a2c39e90264f33305004495a9","hash":"f38677af4c95b2c5ea18ab70d2b8b9cf6ac890bc"}
,"D:\\notshekhar\\8085 microcontroller\\components\\registers.js": {"path":"D:\\notshekhar\\8085 microcontroller\\components\\registers.js","statementMap":{"0":{"start":{"line":3,"column":12},"end":{"line":3,"column":28}},"1":{"start":{"line":4,"column":17},"end":{"line":4,"column":37}},"2":{"start":{"line":7,"column":21},"end":{"line":13,"column":5}},"3":{"start":{"line":14,"column":23},"end":{"line":20,"column":5}},"4":{"start":{"line":21,"column":4},"end":{"line":21,"column":14}},"5":{"start":{"line":22,"column":4},"end":{"line":22,"column":14}},"6":{"start":{"line":23,"column":4},"end":{"line":23,"column":14}},"7":{"start":{"line":24,"column":4},"end":{"line":24,"column":14}},"8":{"start":{"line":25,"column":4},"end":{"line":25,"column":14}},"9":{"start":{"line":26,"column":4},"end":{"line":26,"column":14}},"10":{"start":{"line":27,"column":4},"end":{"line":27,"column":14}},"11":{"start":{"line":28,"column":4},"end":{"line":28,"column":14}},"12":{"start":{"line":29,"column":4},"end":{"line":29,"column":14}},"13":{"start":{"line":30,"column":4},"end":{"line":30,"column":14}},"14":{"start":{"line":31,"column":4},"end":{"line":31,"column":15}},"15":{"start":{"line":32,"column":4},"end":{"line":37,"column":5}},"16":{"start":{"line":38,"column":4},"end":{"line":43,"column":5}},"17":{"start":{"line":39,"column":24},"end":{"line":39,"column":41}},"18":{"start":{"line":40,"column":25},"end":{"line":40,"column":39}},"19":{"start":{"line":41,"column":8},"end":{"line":41,"column":38}},"20":{"start":{"line":42,"column":8},"end":{"line":42,"column":38}},"21":{"start":{"line":44,"column":4},"end":{"line":46,"column":5}},"22":{"start":{"line":45,"column":8},"end":{"line":45,"column":50}},"23":{"start":{"line":47,"column":4},"end":{"line":49,"column":5}},"24":{"start":{"line":48,"column":8},"end":{"line":48,"column":37}},"25":{"start":{"line":50,"column":4},"end":{"line":52,"column":5}},"26":{"start":{"line":51,"column":8},"end":{"line":51,"column":39}},"27":{"start":{"line":55,"column":0},"end":{"line":62,"column":2}},"28":{"start":{"line":57,"column":8},"end":{"line":57,"column":39}},"29":{"start":{"line":60,"column":8},"end":{"line":60,"column":39}},"30":{"start":{"line":65,"column":17},"end":{"line":65,"column":27}},"31":{"start":{"line":66,"column":4},"end":{"line":76,"column":5}},"32":{"start":{"line":67,"column":8},"end":{"line":70,"column":9}},"33":{"start":{"line":68,"column":12},"end":{"line":68,"column":58}},"34":{"start":{"line":69,"column":12},"end":{"line":69,"column":18}},"35":{"start":{"line":71,"column":8},"end":{"line":74,"column":9}},"36":{"start":{"line":72,"column":12},"end":{"line":72,"column":40}},"37":{"start":{"line":73,"column":12},"end":{"line":73,"column":18}},"38":{"start":{"line":75,"column":8},"end":{"line":75,"column":79}},"39":{"start":{"line":77,"column":4},"end":{"line":79,"column":5}},"40":{"start":{"line":78,"column":8},"end":{"line":78,"column":42}},"41":{"start":{"line":80,"column":4},"end":{"line":82,"column":5}},"42":{"start":{"line":81,"column":8},"end":{"line":81,"column":32}},"43":{"start":{"line":83,"column":4},"end":{"line":85,"column":5}},"44":{"start":{"line":84,"column":8},"end":{"line":84,"column":32}},"45":{"start":{"line":86,"column":4},"end":{"line":88,"column":5}},"46":{"start":{"line":87,"column":8},"end":{"line":87,"column":31}},"47":{"start":{"line":89,"column":4},"end":{"line":91,"column":5}},"48":{"start":{"line":90,"column":8},"end":{"line":90,"column":28}},"49":{"start":{"line":94,"column":0},"end":{"line":94,"column":32}}},"fnMap":{"0":{"name":"Regs","decl":{"start":{"line":6,"column":9},"end":{"line":6,"column":13}},"loc":{"start":{"line":6,"column":16},"end":{"line":53,"column":1}},"line":6},"1":{"name":"(anonymous_1)","decl":{"start":{"line":38,"column":19},"end":{"line":38,"column":20}},"loc":{"start":{"line":38,"column":41},"end":{"line":43,"column":5}},"line":38},"2":{"name":"(anonymous_2)","decl":{"start":{"line":44,"column":19},"end":{"line":44,"column":20}},"loc":{"start":{"line":44,"column":32},"end":{"line":46,"column":5}},"line":44},"3":{"name":"(anonymous_3)","decl":{"start":{"line":47,"column":19},"end":{"line":47,"column":20}},"loc":{"start":{"line":47,"column":32},"end":{"line":49,"column":5}},"line":47},"4":{"name":"(anonymous_4)","decl":{"start":{"line":50,"column":21},"end":{"line":50,"column":22}},"loc":{"start":{"line":50,"column":34},"end":{"line":52,"column":5}},"line":50},"5":{"name":"(anonymous_5)","decl":{"start":{"line":56,"column":9},"end":{"line":56,"column":10}},"loc":{"start":{"line":56,"column":21},"end":{"line":58,"column":5}},"line":56},"6":{"name":"(anonymous_6)","decl":{"start":{"line":59,"column":9},"end":{"line":59,"column":10}},"loc":{"start":{"line":59,"column":26},"end":{"line":61,"column":5}},"line":59},"7":{"name":"Registers","decl":{"start":{"line":64,"column":9},"end":{"line":64,"column":18}},"loc":{"start":{"line":64,"column":21},"end":{"line":92,"column":1}},"line":64},"8":{"name":"(anonymous_8)","decl":{"start":{"line":66,"column":15},"end":{"line":66,"column":16}},"loc":{"start":{"line":66,"column":42},"end":{"line":76,"column":5}},"line":66},"9":{"name":"(anonymous_9)","decl":{"start":{"line":77,"column":15},"end":{"line":77,"column":16}},"loc":{"start":{"line":77,"column":35},"end":{"line":79,"column":5}},"line":77},"10":{"name":"(anonymous_10)","decl":{"start":{"line":80,"column":19},"end":{"line":80,"column":20}},"loc":{"start":{"line":80,"column":34},"end":{"line":82,"column":5}},"line":80},"11":{"name":"(anonymous_11)","decl":{"start":{"line":83,"column":19},"end":{"line":83,"column":20}},"loc":{"start":{"line":83,"column":41},"end":{"line":85,"column":5}},"line":83},"12":{"name":"(anonymous_12)","decl":{"start":{"line":86,"column":19},"end":{"line":86,"column":20}},"loc":{"start":{"line":86,"column":40},"end":{"line":88,"column":5}},"line":86},"13":{"name":"(anonymous_13)","decl":{"start":{"line":89,"column":21},"end":{"line":89,"column":22}},"loc":{"start":{"line":89,"column":37},"end":{"line":91,"column":5}},"line":89}},"branchMap":{"0":{"loc":{"start":{"line":67,"column":8},"end":{"line":70,"column":9}},"type":"if","locations":[{"start":{"line":67,"column":8},"end":{"line":70,"column":9}},{"start":{"line":67,"column":8},"end":{"line":70,"column":9}}],"line":67},"1":{"loc":{"start":{"line":67,"column":12},"end":{"line":67,"column":65}},"type":"binary-expr","locations":[{"start":{"line":67,"column":12},"end":{"line":67,"column":36}},{"start":{"line":67,"column":40},"end":{"line":67,"column":65}}],"line":67},"2":{"loc":{"start":{"line":71,"column":8},"end":{"line":74,"column":9}},"type":"if","locations":[{"start":{"line":71,"column":8},"end":{"line":74,"column":9}},{"start":{"line":71,"column":8},"end":{"line":74,"column":9}}],"line":71},"3":{"loc":{"start":{"line":71,"column":12},"end":{"line":71,"column":51}},"type":"binary-expr","locations":[{"start":{"line":71,"column":12},"end":{"line":71,"column":36}},{"start":{"line":71,"column":40},"end":{"line":71,"column":51}}],"line":71},"4":{"loc":{"start":{"line":75,"column":25},"end":{"line":75,"column":79}},"type":"cond-expr","locations":[{"start":{"line":75,"column":52},"end":{"line":75,"column":57}},{"start":{"line":75,"column":60},"end":{"line":75,"column":79}}],"line":75}},"s":{"0":1,"1":1,"2":1,"3":1,"4":1,"5":1,"6":1,"7":1,"8":1,"9":1,"10":1,"11":1,"12":1,"13":1,"14":1,"15":1,"16":1,"17":0,"18":0,"19":0,"20":0,"21":1,"22":0,"23":1,"24":1,"25":1,"26":0,"27":1,"28":0,"29":0,"30":1,"31":1,"32":4,"33":0,"34":0,"35":4,"36":0,"37":0,"38":4,"39":1,"40":4,"41":1,"42":0,"43":1,"44":0,"45":1,"46":1,"47":1,"48":0,"49":1},"f":{"0":1,"1":0,"2":0,"3":1,"4":0,"5":0,"6":0,"7":1,"8":4,"9":4,"10":0,"11":0,"12":1,"13":0},"b":{"0":[0,4],"1":[4,2],"2":[0,4],"3":[4,2],"4":[2,2]},"_coverageSchema":"1a1c01bbd47fc00a2c39e90264f33305004495a9","hash":"4b5b09d1a3a73961bbc650602b574e1c01f50372"}
,"D:\\notshekhar\\8085 microcontroller\\config\\index.js": {"path":"D:\\notshekhar\\8085 microcontroller\\config\\index.js","statementMap":{"0":{"start":{"line":1,"column":0},"end":{"line":16,"column":1}}},"fnMap":{},"branchMap":{},"s":{"0":1},"f":{},"b":{},"_coverageSchema":"1a1c01bbd47fc00a2c39e90264f33305004495a9","hash":"38cc58bef625ba75f12957f8a57771a597ba3b50"}
}
