TN:
SF:assembler\instructions.js
FN:8,Instructions
FN:10,(anonymous_1)
FN:14,(anonymous_2)
FN:18,(anonymous_3)
FN:22,(anonymous_4)
FN:26,(anonymous_5)
FN:34,(anonymous_6)
FN:47,(anonymous_7)
FN:54,(anonymous_8)
FN:67,(anonymous_9)
FN:75,(anonymous_10)
FN:80,(anonymous_11)
FN:89,(anonymous_12)
FN:100,(anonymous_13)
FNF:14
FNH:3
FNDA:1,Instructions
FNDA:0,(anonymous_1)
FNDA:2,(anonymous_2)
FNDA:0,(anonymous_3)
FNDA:0,(anonymous_4)
FNDA:0,(anonymous_5)
FNDA:0,(anonymous_6)
FNDA:0,(anonymous_7)
FNDA:0,(anonymous_8)
FNDA:0,(anonymous_9)
FNDA:0,(anonymous_10)
FNDA:0,(anonymous_11)
FNDA:2,(anonymous_12)
FNDA:0,(anonymous_13)
DA:3,1
DA:4,1
DA:6,1
DA:10,1
DA:11,0
DA:14,1
DA:15,2
DA:18,1
DA:19,0
DA:22,1
DA:23,0
DA:26,1
DA:27,0
DA:28,0
DA:29,0
DA:30,0
DA:31,0
DA:34,1
DA:35,0
DA:36,0
DA:37,0
DA:39,0
DA:40,0
DA:41,0
DA:42,0
DA:43,0
DA:45,0
DA:47,1
DA:48,0
DA:49,0
DA:50,0
DA:51,0
DA:52,0
DA:54,1
DA:55,0
DA:56,0
DA:57,0
DA:59,0
DA:60,0
DA:61,0
DA:62,0
DA:63,0
DA:65,0
DA:67,1
DA:68,0
DA:69,0
DA:70,0
DA:71,0
DA:72,0
DA:75,1
DA:76,0
DA:77,0
DA:78,0
DA:80,1
DA:81,0
DA:82,0
DA:84,0
DA:86,0
DA:87,0
DA:89,1
DA:90,2
DA:91,2
DA:92,2
DA:93,2
DA:95,1
DA:97,2
DA:98,2
DA:100,1
DA:101,0
DA:102,0
DA:103,0
DA:107,1
LF:72
LH:25
BRDA:29,0,0,0
BRDA:29,0,1,0
BRDA:36,1,0,0
BRDA:36,1,1,0
BRDA:40,2,0,0
BRDA:40,2,1,0
BRDA:42,3,0,0
BRDA:42,3,1,0
BRDA:50,4,0,0
BRDA:50,4,1,0
BRDA:56,5,0,0
BRDA:56,5,1,0
BRDA:60,6,0,0
BRDA:60,6,1,0
BRDA:62,7,0,0
BRDA:62,7,1,0
BRDA:70,8,0,0
BRDA:70,8,1,0
BRDA:82,9,0,0
BRDA:82,9,1,0
BRDA:90,10,0,0
BRDA:90,10,1,2
BRDA:91,11,0,0
BRDA:91,11,1,2
BRDA:93,12,0,1
BRDA:93,12,1,1
BRF:26
BRH:4
end_of_record
TN:
SF:components\ram.js
FN:5,Memory
FN:13,Ram
FN:15,(anonymous_2)
FN:28,(anonymous_3)
FNF:4
FNH:2
FNDA:1,Memory
FNDA:1,Ram
FNDA:0,(anonymous_2)
FNDA:0,(anonymous_3)
DA:3,1
DA:6,1
DA:14,1
DA:15,1
DA:16,0
DA:17,0
DA:18,0
DA:20,0
DA:21,0
DA:22,0
DA:25,0
DA:28,1
DA:29,0
DA:33,1
LF:14
LH:6
BRDA:7,0,0,0
BRDA:7,0,1,1
BRDA:9,1,0,1
BRDA:9,1,1,1
BRDA:15,2,0,0
BRDA:16,3,0,0
BRDA:16,3,1,0
BRDA:16,4,0,0
BRDA:16,4,1,0
BRDA:20,5,0,0
BRDA:20,5,1,0
BRDA:20,6,0,0
BRDA:20,6,1,0
BRDA:26,7,0,0
BRDA:26,7,1,0
BRF:15
BRH:3
end_of_record
TN:
SF:components\registers.js
FN:6,Regs
FN:38,(anonymous_1)
FN:44,(anonymous_2)
FN:47,(anonymous_3)
FN:50,(anonymous_4)
FN:56,(anonymous_5)
FN:59,(anonymous_6)
FN:64,Registers
FN:66,(anonymous_8)
FN:77,(anonymous_9)
FN:80,(anonymous_10)
FN:83,(anonymous_11)
FN:86,(anonymous_12)
FN:89,(anonymous_13)
FNF:14
FNH:6
FNDA:1,Regs
FNDA:0,(anonymous_1)
FNDA:0,(anonymous_2)
FNDA:1,(anonymous_3)
FNDA:0,(anonymous_4)
FNDA:0,(anonymous_5)
FNDA:0,(anonymous_6)
FNDA:1,Registers
FNDA:4,(anonymous_8)
FNDA:4,(anonymous_9)
FNDA:0,(anonymous_10)
FNDA:0,(anonymous_11)
FNDA:1,(anonymous_12)
FNDA:0,(anonymous_13)
DA:3,1
DA:4,1
DA:7,1
DA:14,1
DA:21,1
DA:22,1
DA:23,1
DA:24,1
DA:25,1
DA:26,1
DA:27,1
DA:28,1
DA:29,1
DA:30,1
DA:31,1
DA:32,1
DA:38,1
DA:39,0
DA:40,0
DA:41,0
DA:42,0
DA:44,1
DA:45,0
DA:47,1
DA:48,1
DA:50,1
DA:51,0
DA:55,1
DA:57,0
DA:60,0
DA:65,1
DA:66,1
DA:67,4
DA:68,0
DA:69,0
DA:71,4
DA:72,0
DA:73,0
DA:75,4
DA:77,1
DA:78,4
DA:80,1
DA:81,0
DA:83,1
DA:84,0
DA:86,1
DA:87,1
DA:89,1
DA:90,0
DA:94,1
LF:50
LH:35
BRDA:67,0,0,0
BRDA:67,0,1,4
BRDA:67,1,0,4
BRDA:67,1,1,2
BRDA:71,2,0,0
BRDA:71,2,1,4
BRDA:71,3,0,4
BRDA:71,3,1,2
BRDA:75,4,0,2
BRDA:75,4,1,2
BRF:10
BRH:8
end_of_record
TN:
SF:config\index.js
FNF:0
FNH:0
DA:1,1
LF:1
LH:1
BRF:0
BRH:0
end_of_record
